ERROR: <Sun Jan 22 18:08:19 2017
> <username: 18666421442><password: 123456>--<<html>
<head><title>500 Internal Server Error</title></head>
<body bgcolor="white">
<center><h1>500 Internal Server Error</h1></center>
<hr><center>openresty/1.9.7.5</center>
</body>
</html>
>
ERROR: <Sun Jan 22 18:08:22 2017
> <username: 18664349651><password: 123456>--<<html>
<head><title>500 Internal Server Error</title></head>
<body bgcolor="white">
<center><h1>500 Internal Server Error</h1></center>
<hr><center>openresty/1.9.7.5</center>
</body>
</html>
>
ERROR: <Sun Jan 22 18:08:30 2017
> <username: 18588770408><password: 123456>--<<html>
<head><title>500 Internal Server Error</title></head>
<body bgcolor="white">
<center><h1>500 Internal Server Error</h1></center>
<hr><center>openresty/1.9.7.5</center>
</body>
</html>
>
ERROR: <Sun Jan 22 18:08:35 2017
> <username: 18565645308><password: 123456>--<<html>
<head><title>500 Internal Server Error</title></head>
<body bgcolor="white">
<center><h1>500 Internal Server Error</h1></center>
<hr><center>openresty/1.9.7.5</center>
</body>
</html>
>
ERROR: <Sun Jan 22 18:08:41 2017
> <username: 18398518326><password: 123456>--<<html>
<head><title>500 Internal Server Error</title></head>
<body bgcolor="white">
<center><h1>500 Internal Server Error</h1></center>
<hr><center>openresty/1.9.7.5</center>
</body>
</html>
>
ERROR: <Sun Jan 22 18:08:42 2017
> <username: 18390681500><password: 123456>--<<html>
<head><title>500 Internal Server Error</title></head>
<body bgcolor="white">
<center><h1>500 Internal Server Error</h1></center>
<hr><center>openresty/1.9.7.5</center>
</body>
</html>
>
ERROR: <Sun Jan 22 18:08:44 2017
> <username: 18377538524><password: 123456>--<<html>
<head><title>500 Internal Server Error</title></head>
<body bgcolor="white">
<center><h1>500 Internal Server Error</h1></center>
<hr><center>openresty/1.9.7.5</center>
</body>
</html>
>
ERROR: <Sun Jan 22 18:08:44 2017
> <username: 18376953894><password: 123456>--<<html>
<head><title>500 Internal Server Error</title></head>
<body bgcolor="white">
<center><h1>500 Internal Server Error</h1></center>
<hr><center>openresty/1.9.7.5</center>
</body>
</html>
>
ERROR: <Sun Jan 22 18:08:45 2017
> <username: 18374569413><password: 123456>--<<html>
<head><title>500 Internal Server Error</title></head>
<body bgcolor="white">
<center><h1>500 Internal Server Error</h1></center>
<hr><center>openresty/1.9.7.5</center>
</body>
</html>
>
ERROR: <Sun Jan 22 18:09:06 2017
> <username: 18269350057><password: 123456>--<<html>
<head><title>500 Internal Server Error</title></head>
<body bgcolor="white">
<center><h1>500 Internal Server Error</h1></center>
<hr><center>openresty/1.9.7.5</center>
</body>
</html>
>
ERROR: <Sun Jan 22 18:09:09 2017
> <username: 18219148395><password: 123456>--<<html>
<head><title>500 Internal Server Error</title></head>
<body bgcolor="white">
<center><h1>500 Internal Server Error</h1></center>
<hr><center>openresty/1.9.7.5</center>
</body>
</html>
>
ERROR: <Sun Jan 22 18:09:16 2017
> <username: 18188185560><password: 123456>--<<html>
<head><title>500 Internal Server Error</title></head>
<body bgcolor="white">
<center><h1>500 Internal Server Error</h1></center>
<hr><center>openresty/1.9.7.5</center>
</body>
</html>
>
ERROR: <Sun Jan 22 18:09:27 2017
> <username: 18026451652><password: 123456>--<<html>
<head><title>500 Internal Server Error</title></head>
<body bgcolor="white">
<center><h1>500 Internal Server Error</h1></center>
<hr><center>openresty/1.9.7.5</center>
</body>
</html>
>
ERROR: <Sun Jan 22 18:09:38 2017
> <username: 17096751700><password: 123456>--<<html>
<head><title>500 Internal Server Error</title></head>
<body bgcolor="white">
<center><h1>500 Internal Server Error</h1></center>
<hr><center>openresty/1.9.7.5</center>
</body>
</html>
>
ERROR: <Sun Jan 22 18:09:47 2017
> <username: 15983426242><password: 123456>--<<html>
<head><title>500 Internal Server Error</title></head>
<body bgcolor="white">
<center><h1>500 Internal Server Error</h1></center>
<hr><center>openresty/1.9.7.5</center>
</body>
</html>
>
ERROR: <Sun Jan 22 18:09:57 2017
> <username: 15919393636><password: 123456>--<<html>
<head><title>500 Internal Server Error</title></head>
<body bgcolor="white">
<center><h1>500 Internal Server Error</h1></center>
<hr><center>openresty/1.9.7.5</center>
</body>
</html>
>
ERROR: <Sun Jan 22 18:10:02 2017
> <username: 15916359351><password: 123456>--<<html>
<head><title>500 Internal Server Error</title></head>
<body bgcolor="white">
<center><h1>500 Internal Server Error</h1></center>
<hr><center>openresty/1.9.7.5</center>
</body>
</html>
>
ERROR: <Sun Jan 22 18:10:17 2017
> <username: 15842880845><password: 123456>--<<html>
<head><title>500 Internal Server Error</title></head>
<body bgcolor="white">
<center><h1>500 Internal Server Error</h1></center>
<hr><center>openresty/1.9.7.5</center>
</body>
</html>
>
ERROR: <Sun Jan 22 18:10:17 2017
> <username: 15836719119><password: 123456>--<<html>
<head><title>500 Internal Server Error</title></head>
<body bgcolor="white">
<center><h1>500 Internal Server Error</h1></center>
<hr><center>openresty/1.9.7.5</center>
</body>
</html>
>
ERROR: <Sun Jan 22 18:10:26 2017
> <username: 15815467769><password: 123456>--<<html>
<head><title>500 Internal Server Error</title></head>
<body bgcolor="white">
<center><h1>500 Internal Server Error</h1></center>
<hr><center>openresty/1.9.7.5</center>
</body>
</html>
>
ERROR: <Sun Jan 22 18:10:32 2017
> <username: 15805859441><password: 123456>--<<html>
<head><title>500 Internal Server Error</title></head>
<body bgcolor="white">
<center><h1>500 Internal Server Error</h1></center>
<hr><center>openresty/1.9.7.5</center>
</body>
</html>
>
ERROR: <Sun Jan 22 18:10:42 2017
> <username: 15767763256><password: 123456>--<<html>
<head><title>500 Internal Server Error</title></head>
<body bgcolor="white">
<center><h1>500 Internal Server Error</h1></center>
<hr><center>openresty/1.9.7.5</center>
</body>
</html>
>
ERROR: <Sun Jan 22 18:10:47 2017
> <username: 15766410481><password: 123456>--<<html>
<head><title>500 Internal Server Error</title></head>
<body bgcolor="white">
<center><h1>500 Internal Server Error</h1></center>
<hr><center>openresty/1.9.7.5</center>
</body>
</html>
>
ERROR: <Sun Jan 22 18:10:49 2017
> <username: 15728265900><password: 123456>--<<html>
<head><title>500 Internal Server Error</title></head>
<body bgcolor="white">
<center><h1>500 Internal Server Error</h1></center>
<hr><center>openresty/1.9.7.5</center>
</body>
</html>
>
ERROR: <Sun Jan 22 18:10:55 2017
> <username: 15627366683><password: 123456>--<<html>
<head><title>500 Internal Server Error</title></head>
<body bgcolor="white">
<center><h1>500 Internal Server Error</h1></center>
<hr><center>openresty/1.9.7.5</center>
</body>
</html>
>
ERROR: <Sun Jan 22 18:10:58 2017
> <username: 15625994562><password: 123456>--<<html>
<head><title>500 Internal Server Error</title></head>
<body bgcolor="white">
<center><h1>500 Internal Server Error</h1></center>
<hr><center>openresty/1.9.7.5</center>
</body>
</html>
>
ERROR: <Sun Jan 22 18:11:09 2017
> <username: 15323185910><password: 123456>--<<html>
<head><title>500 Internal Server Error</title></head>
<body bgcolor="white">
<center><h1>500 Internal Server Error</h1></center>
<hr><center>openresty/1.9.7.5</center>
</body>
</html>
>
ERROR: <Sun Jan 22 18:11:30 2017
> <username: 15136691277><password: 123456>--<<html>
<head><title>500 Internal Server Error</title></head>
<body bgcolor="white">
<center><h1>500 Internal Server Error</h1></center>
<hr><center>openresty/1.9.7.5</center>
</body>
</html>
>
ERROR: <Sun Jan 22 18:11:32 2017
> <username: 15119009862><password: 123456>--<<html>
<head><title>500 Internal Server Error</title></head>
<body bgcolor="white">
<center><h1>500 Internal Server Error</h1></center>
<hr><center>openresty/1.9.7.5</center>
</body>
</html>
>
ERROR: <Sun Jan 22 18:11:38 2017
> <username: 15112382493><password: 123456>--<<html>
<head><title>500 Internal Server Error</title></head>
<body bgcolor="white">
<center><h1>500 Internal Server Error</h1></center>
<hr><center>openresty/1.9.7.5</center>
</body>
</html>
>
ERROR: <Sun Jan 22 18:11:45 2017
> <username: 15085729392><password: 123456>--<<html>
<head><title>500 Internal Server Error</title></head>
<body bgcolor="white">
<center><h1>500 Internal Server Error</h1></center>
<hr><center>openresty/1.9.7.5</center>
</body>
</html>
>
ERROR: <Sun Jan 22 18:11:49 2017
> <username: 15019685686><password: 123456>--<<html>
<head><title>500 Internal Server Error</title></head>
<body bgcolor="white">
<center><h1>500 Internal Server Error</h1></center>
<hr><center>openresty/1.9.7.5</center>
</body>
</html>
>
ERROR: <Sun Jan 22 18:12:14 2017
> <username: 13927345197><password: 123456>--<<html>
<head><title>500 Internal Server Error</title></head>
<body bgcolor="white">
<center><h1>500 Internal Server Error</h1></center>
<hr><center>openresty/1.9.7.5</center>
</body>
</html>
>
ERROR: <Sun Jan 22 18:12:26 2017
> <username: 13826103026><password: 123456>--<<html>
<head><title>500 Internal Server Error</title></head>
<body bgcolor="white">
<center><h1>500 Internal Server Error</h1></center>
<hr><center>openresty/1.9.7.5</center>
</body>
</html>
>
ERROR: <Sun Jan 22 18:12:52 2017
> <username: 13725766371><password: 123456>--<<html>
<head><title>500 Internal Server Error</title></head>
<body bgcolor="white">
<center><h1>500 Internal Server Error</h1></center>
<hr><center>openresty/1.9.7.5</center>
</body>
</html>
>
ERROR: <Sun Jan 22 18:13:19 2017
> <username: 13712724779><password: 123456>--<<html>
<head><title>500 Internal Server Error</title></head>
<body bgcolor="white">
<center><h1>500 Internal Server Error</h1></center>
<hr><center>openresty/1.9.7.5</center>
</body>
</html>
>
ERROR: <Sun Jan 22 18:13:25 2017
> <username: 13692852970><password: 123456>--<<html>
<head><title>500 Internal Server Error</title></head>
<body bgcolor="white">
<center><h1>500 Internal Server Error</h1></center>
<hr><center>openresty/1.9.7.5</center>
</body>
</html>
>
ERROR: <Sun Jan 22 18:13:27 2017
> <username: 13692334125><password: 123456>--<<html>
<head><title>500 Internal Server Error</title></head>
<body bgcolor="white">
<center><h1>500 Internal Server Error</h1></center>
<hr><center>openresty/1.9.7.5</center>
</body>
</html>
>
ERROR: <Sun Jan 22 18:13:32 2017
> <username: 13680786196><password: 123456>--<<html>
<head><title>500 Internal Server Error</title></head>
<body bgcolor="white">
<center><h1>500 Internal Server Error</h1></center>
<hr><center>openresty/1.9.7.5</center>
</body>
</html>
>
ERROR: <Sun Jan 22 18:13:47 2017
> <username: 13632578639><password: 123456>--<<html>
<head><title>500 Internal Server Error</title></head>
<body bgcolor="white">
<center><h1>500 Internal Server Error</h1></center>
<hr><center>openresty/1.9.7.5</center>
</body>
</html>
>
ERROR: <Sun Jan 22 18:13:54 2017
> <username: 13598945429><password: 123456>--<<html>
<head><title>500 Internal Server Error</title></head>
<body bgcolor="white">
<center><h1>500 Internal Server Error</h1></center>
<hr><center>openresty/1.9.7.5</center>
</body>
</html>
>
ERROR: <Sun Jan 22 18:14:18 2017
> <username: 13531636411><password: 123456>--<<html>
<head><title>500 Internal Server Error</title></head>
<body bgcolor="white">
<center><h1>500 Internal Server Error</h1></center>
<hr><center>openresty/1.9.7.5</center>
</body>
</html>
>
ERROR: <Sun Jan 22 18:14:22 2017
> <username: 13528580427><password: 123456>--<<html>
<head><title>500 Internal Server Error</title></head>
<body bgcolor="white">
<center><h1>500 Internal Server Error</h1></center>
<hr><center>openresty/1.9.7.5</center>
</body>
</html>
>
ERROR: <Sun Jan 22 18:15:30 2017
> <username: 13242084280><password: 123456>--<<html>
<head><title>500 Internal Server Error</title></head>
<body bgcolor="white">
<center><h1>500 Internal Server Error</h1></center>
<hr><center>openresty/1.9.7.5</center>
</body>
</html>
>
ERROR: <Sun Jan 22 18:15:55 2017
> <username: 13143182150><password: 123456>--<<html>
<head><title>500 Internal Server Error</title></head>
<body bgcolor="white">
<center><h1>500 Internal Server Error</h1></center>
<hr><center>openresty/1.9.7.5</center>
</body>
</html>
>
ERROR: <Sun Jan 22 18:15:55 2017
> <username: 13143065540><password: 123456>--<<html>
<head><title>500 Internal Server Error</title></head>
<body bgcolor="white">
<center><h1>500 Internal Server Error</h1></center>
<hr><center>openresty/1.9.7.5</center>
</body>
</html>
>
ERROR: <Sun Jan 22 18:16:04 2017
> <username: 13126379728><password: 123456>--<<html>
<head><title>500 Internal Server Error</title></head>
<body bgcolor="white">
<center><h1>500 Internal Server Error</h1></center>
<hr><center>openresty/1.9.7.5</center>
</body>
</html>
>
ERROR: <Sun Jan 22 18:16:18 2017
> <username: 13059560552><password: 123456>--<<html>
<head><title>500 Internal Server Error</title></head>
<body bgcolor="white">
<center><h1>500 Internal Server Error</h1></center>
<hr><center>openresty/1.9.7.5</center>
</body>
</html>
>
ERROR: <Sun Jan 22 18:16:21 2017
> <username: 13048988477><password: 123456>--<<html>
<head><title>500 Internal Server Error</title></head>
<body bgcolor="white">
<center><h1>500 Internal Server Error</h1></center>
<hr><center>openresty/1.9.7.5</center>
</body>
</html>
>
ERROR: <Sun Jan 22 18:16:21 2017
> <username: 13048843615><password: 123456>--<<html>
<head><title>500 Internal Server Error</title></head>
<body bgcolor="white">
<center><h1>500 Internal Server Error</h1></center>
<hr><center>openresty/1.9.7.5</center>
</body>
</html>
>
